<?xml version="1.0" encoding="UTF-8"?>
<testng-results ignored="0" total="1" passed="1" failed="0" skipped="0">
  <reporter-output>
  </reporter-output>
  <suite started-at="2023-10-31T22:39:56 IST" name="Default Suite" finished-at="2023-10-31T22:39:58 IST" duration-ms="1654">
    <groups>
    </groups>
    <test started-at="2023-10-31T22:39:56 IST" name="playwright-java" finished-at="2023-10-31T22:39:58 IST" duration-ms="1654">
      <class name="GoogleTest">
        <test-method is-config="true" signature="setUp()[pri:0, instance:GoogleTest@7a220c9a]" started-at="2023-10-31T22:39:49 IST" name="setUp" finished-at="2023-10-31T22:39:56 IST" duration-ms="7448" status="PASS">
          <reporter-output>
          </reporter-output>
        </test-method> <!-- setUp -->
        <test-method signature="google()[pri:0, instance:GoogleTest@7a220c9a]" started-at="2023-10-31T22:39:56 IST" name="google" finished-at="2023-10-31T22:39:58 IST" duration-ms="1616" status="PASS">
          <reporter-output>
          </reporter-output>
        </test-method> <!-- google -->
        <test-method is-config="true" signature="tearDown()[pri:0, instance:GoogleTest@7a220c9a]" started-at="2023-10-31T22:39:58 IST" name="tearDown" finished-at="2023-10-31T22:39:58 IST" duration-ms="22" status="PASS">
          <reporter-output>
          </reporter-output>
        </test-method> <!-- tearDown -->
      </class> <!-- GoogleTest -->
    </test> <!-- playwright-java -->
  </suite> <!-- Default Suite -->
</testng-results>
