<?xml version="1.0" encoding="UTF-8"?>
<testng-results ignored="0" total="1" passed="1" failed="0" skipped="0">
  <reporter-output>
  </reporter-output>
  <suite started-at="2023-11-01T00:08:57 IST" name="Default Suite" finished-at="2023-11-01T00:08:58 IST" duration-ms="1436">
    <groups>
    </groups>
    <test started-at="2023-11-01T00:08:57 IST" name="playwright-java" finished-at="2023-11-01T00:08:58 IST" duration-ms="1436">
      <class name="GoogleTest">
        <test-method is-config="true" signature="setUp()[pri:0, instance:GoogleTest@7164ca4c]" started-at="2023-11-01T00:08:50 IST" name="setUp" finished-at="2023-11-01T00:08:57 IST" duration-ms="7484" status="PASS">
          <reporter-output>
          </reporter-output>
        </test-method> <!-- setUp -->
        <test-method signature="google()[pri:0, instance:GoogleTest@7164ca4c]" started-at="2023-11-01T00:08:57 IST" name="google" finished-at="2023-11-01T00:08:58 IST" duration-ms="1404" status="PASS">
          <reporter-output>
          </reporter-output>
        </test-method> <!-- google -->
        <test-method is-config="true" signature="tearDown()[pri:0, instance:GoogleTest@7164ca4c]" started-at="2023-11-01T00:08:59 IST" name="tearDown" finished-at="2023-11-01T00:08:59 IST" duration-ms="41" status="PASS">
          <reporter-output>
          </reporter-output>
        </test-method> <!-- tearDown -->
      </class> <!-- GoogleTest -->
    </test> <!-- playwright-java -->
  </suite> <!-- Default Suite -->
</testng-results>
